<?xml version="1.0" encoding="UTF-8"?>
<!-- Generated by org.testng.reporters.JUnitXMLReporter -->
<testsuite hostname="Divya-PC" name="Eon regression tests" tests="4" failures="0" timestamp="4 Oct 2016 19:27:16 GMT" time="44.659" errors="0">
  <testcase name="verifyEonHomePage" time="5.927" classname="testingpages.EonHomePageTests"/>
  <testcase name="verifyEonLoginPageTitle" time="9.141" classname="testingpages.EonLoginTests"/>
  <testcase name="verifyEonRegisterPageTitle" time="7.105" classname="testingpages.EonRegisterTests"/>
  <testcase name="verifyEonUserHomePage" time="11.358" classname="testingpages.EonUserHomePageTests"/>
</testsuite> <!-- Eon regression tests -->
