<?xml version="1.0" encoding="UTF-8"?>
<!-- Generated by org.testng.reporters.JUnitXMLReporter -->
<testsuite hostname="Divya-PC" name="Eon regression tests" tests="4" failures="0" timestamp="4 Oct 2016 18:09:01 GMT" time="44.807" errors="0">
  <testcase name="verifyEonHomePage" time="8.457" classname="testingpages.EonHomePageTests"/>
  <testcase name="verifyEonLoginPageTitle" time="8.689" classname="testingpages.EonLoginTests"/>
  <testcase name="verifyEonRegisterPageTitle" time="5.435" classname="testingpages.EonRegisterTests"/>
  <testcase name="verifyEonUserHomePage" time="11.074" classname="testingpages.EonUserHomePageTests"/>
</testsuite> <!-- Eon regression tests -->
