<?xml version="1.0" encoding="UTF-8"?>
<testng-results skipped="0" failed="0" total="2" passed="2">
  <reporter-output>
  </reporter-output>
  <suite name="Default suite" duration-ms="35641" started-at="2016-10-10T14:25:26Z" finished-at="2016-10-10T14:26:01Z">
    <groups>
    </groups>
    <test name="Default test" duration-ms="35641" started-at="2016-10-10T14:25:26Z" finished-at="2016-10-10T14:26:01Z">
      <class name="testingpages.EonHomePageTests">
        <test-method status="PASS" signature="start()[pri:0, instance:testingpages.EonHomePageTests@5034c75a]" name="start" is-config="true" duration-ms="3178" started-at="2016-10-10T15:25:26Z" finished-at="2016-10-10T15:25:29Z">
          <reporter-output>
          </reporter-output>
        </test-method> <!-- start -->
        <test-method status="PASS" signature="verifyEonHomePage()[pri:0, instance:testingpages.EonHomePageTests@5034c75a]" name="verifyEonHomePage" duration-ms="18528" started-at="2016-10-10T15:25:29Z" finished-at="2016-10-10T15:25:47Z">
          <reporter-output>
          </reporter-output>
        </test-method> <!-- verifyEonHomePage -->
        <test-method status="PASS" signature="quit()[pri:0, instance:testingpages.EonHomePageTests@5034c75a]" name="quit" is-config="true" duration-ms="315" started-at="2016-10-10T15:25:47Z" finished-at="2016-10-10T15:25:48Z">
          <reporter-output>
          </reporter-output>
        </test-method> <!-- quit -->
        <test-method status="PASS" signature="start()[pri:0, instance:testingpages.EonHomePageTests@5034c75a]" name="start" is-config="true" duration-ms="2239" started-at="2016-10-10T15:25:48Z" finished-at="2016-10-10T15:25:50Z">
          <reporter-output>
          </reporter-output>
        </test-method> <!-- start -->
        <test-method status="PASS" signature="verifyLonginDisplayed()[pri:0, instance:testingpages.EonHomePageTests@5034c75a]" name="verifyLonginDisplayed" duration-ms="11175" started-at="2016-10-10T15:25:50Z" finished-at="2016-10-10T15:26:01Z">
          <reporter-output>
          </reporter-output>
        </test-method> <!-- verifyLonginDisplayed -->
        <test-method status="PASS" signature="quit()[pri:0, instance:testingpages.EonHomePageTests@5034c75a]" name="quit" is-config="true" duration-ms="174" started-at="2016-10-10T15:26:01Z" finished-at="2016-10-10T15:26:01Z">
          <reporter-output>
          </reporter-output>
        </test-method> <!-- quit -->
      </class> <!-- testingpages.EonHomePageTests -->
    </test> <!-- Default test -->
  </suite> <!-- Default suite -->
</testng-results>
