<?xml version="1.0" encoding="UTF-8"?>
<testng-results skipped="0" failed="0" total="4" passed="4">
  <reporter-output>
  </reporter-output>
  <suite name="Testingpages" duration-ms="44807" started-at="2016-10-04T18:08:16Z" finished-at="2016-10-04T18:09:01Z">
    <groups>
    </groups>
    <test name="Eon regression tests" duration-ms="44807" started-at="2016-10-04T18:08:16Z" finished-at="2016-10-04T18:09:01Z">
      <class name="testingpages.EonUserHomePageTests">
        <test-method status="PASS" signature="start()[pri:0, instance:testingpages.EonUserHomePageTests@5419f379]" name="start" is-config="true" duration-ms="2361" started-at="2016-10-04T19:08:47Z" finished-at="2016-10-04T19:08:50Z">
          <reporter-output>
          </reporter-output>
        </test-method> <!-- start -->
        <test-method status="PASS" signature="verifyEonUserHomePage()[pri:0, instance:testingpages.EonUserHomePageTests@5419f379]" name="verifyEonUserHomePage" duration-ms="11074" started-at="2016-10-04T19:08:50Z" finished-at="2016-10-04T19:09:01Z">
          <reporter-output>
          </reporter-output>
        </test-method> <!-- verifyEonUserHomePage -->
        <test-method status="PASS" signature="quit()[pri:0, instance:testingpages.EonUserHomePageTests@5419f379]" name="quit" is-config="true" duration-ms="234" started-at="2016-10-04T19:09:01Z" finished-at="2016-10-04T19:09:01Z">
          <reporter-output>
          </reporter-output>
        </test-method> <!-- quit -->
      </class> <!-- testingpages.EonUserHomePageTests -->
      <class name="testingpages.EonLoginTests">
        <test-method status="PASS" signature="start()[pri:0, instance:testingpages.EonLoginTests@58651fd0]" name="start" is-config="true" duration-ms="2274" started-at="2016-10-04T19:08:28Z" finished-at="2016-10-04T19:08:30Z">
          <reporter-output>
          </reporter-output>
        </test-method> <!-- start -->
        <test-method status="PASS" signature="verifyEonLoginPageTitle()[pri:0, instance:testingpages.EonLoginTests@58651fd0]" name="verifyEonLoginPageTitle" duration-ms="8689" started-at="2016-10-04T19:08:30Z" finished-at="2016-10-04T19:08:39Z">
          <reporter-output>
          </reporter-output>
        </test-method> <!-- verifyEonLoginPageTitle -->
        <test-method status="PASS" signature="quit()[pri:0, instance:testingpages.EonLoginTests@58651fd0]" name="quit" is-config="true" duration-ms="291" started-at="2016-10-04T19:08:39Z" finished-at="2016-10-04T19:08:39Z">
          <reporter-output>
          </reporter-output>
        </test-method> <!-- quit -->
      </class> <!-- testingpages.EonLoginTests -->
      <class name="testingpages.EonRegisterTests">
        <test-method status="PASS" signature="start()[pri:0, instance:testingpages.EonRegisterTests@4520ebad]" name="start" is-config="true" duration-ms="2281" started-at="2016-10-04T19:08:39Z" finished-at="2016-10-04T19:08:42Z">
          <reporter-output>
          </reporter-output>
        </test-method> <!-- start -->
        <test-method status="PASS" signature="verifyEonRegisterPageTitle()[pri:0, instance:testingpages.EonRegisterTests@4520ebad]" name="verifyEonRegisterPageTitle" duration-ms="5435" started-at="2016-10-04T19:08:42Z" finished-at="2016-10-04T19:08:47Z">
          <reporter-output>
          </reporter-output>
        </test-method> <!-- verifyEonRegisterPageTitle -->
        <test-method status="PASS" signature="quit()[pri:0, instance:testingpages.EonRegisterTests@4520ebad]" name="quit" is-config="true" duration-ms="236" started-at="2016-10-04T19:08:47Z" finished-at="2016-10-04T19:08:47Z">
          <reporter-output>
          </reporter-output>
        </test-method> <!-- quit -->
      </class> <!-- testingpages.EonRegisterTests -->
      <class name="testingpages.EonHomePageTests">
        <test-method status="PASS" signature="start()[pri:0, instance:testingpages.EonHomePageTests@6cc4c815]" name="start" is-config="true" duration-ms="3142" started-at="2016-10-04T19:08:16Z" finished-at="2016-10-04T19:08:19Z">
          <reporter-output>
          </reporter-output>
        </test-method> <!-- start -->
        <test-method status="PASS" signature="verifyEonHomePage()[pri:0, instance:testingpages.EonHomePageTests@6cc4c815]" name="verifyEonHomePage" duration-ms="8457" started-at="2016-10-04T19:08:19Z" finished-at="2016-10-04T19:08:28Z">
          <reporter-output>
          </reporter-output>
        </test-method> <!-- verifyEonHomePage -->
        <test-method status="PASS" signature="quit()[pri:0, instance:testingpages.EonHomePageTests@6cc4c815]" name="quit" is-config="true" duration-ms="308" started-at="2016-10-04T19:08:28Z" finished-at="2016-10-04T19:08:28Z">
          <reporter-output>
          </reporter-output>
        </test-method> <!-- quit -->
      </class> <!-- testingpages.EonHomePageTests -->
    </test> <!-- Eon regression tests -->
  </suite> <!-- Testingpages -->
</testng-results>
